Using pre-set license
Built from '2020.2/release' branch; Version is '2020.2.2f1 (068178b99f32) revision 426360'; Using compiler version '192528614'; Build Type 'Release'
OS: 'Windows 10 Education; OS build 19041.928; Version 2004; 64bit' Language: 'en' Physical Memory: 8077 MB
BatchMode: 1, IsHumanControllingUs: 0, StartBugReporterOnCrash: 0, Is64bit: 1, IsPro: 0

 COMMAND LINE ARGUMENTS:
D:\Unity\2020.2.2f1\Editor\Unity.exe
-adb2
-batchMode
-noUpm
-name
AssetImportWorker2
-projectPath
D:/Unity/New Unity Project/gradproject
-logFile
Logs/AssetImportWorker2.log
-srvPort
60245
Successfully changed project path to: D:/Unity/New Unity Project/gradproject
D:/Unity/New Unity Project/gradproject
Using Asset Import Pipeline V2.
Refreshing native plugins compatible for Editor in 64.14 ms, found 0 plugins.
Preloading 0 native plugins for Editor in 0.00 ms.
Initialize engine version: 2020.2.2f1 (068178b99f32)
[Subsystems] Discovering subsystems at path D:/Unity/2020.2.2f1/Editor/Data/Resources/UnitySubsystems
[Subsystems] Discovering subsystems at path D:/Unity/New Unity Project/gradproject/Assets
GfxDevice: creating device client; threaded=0
Direct3D:
    Version:  Direct3D 11.0 [level 11.0]
    Renderer: NVIDIA GeForce GTX 950M (ID=0x139a)
    Vendor:   
    VRAM:     4055 MB
    Driver:   27.21.14.6627
Initialize mono
Mono path[0] = 'D:/Unity/2020.2.2f1/Editor/Data/Managed'
Mono path[1] = 'D:/Unity/2020.2.2f1/Editor/Data/MonoBleedingEdge/lib/mono/unityjit'
Mono config path = 'D:/Unity/2020.2.2f1/Editor/Data/MonoBleedingEdge/etc'
Using monoOptions --debugger-agent=transport=dt_socket,embedding=1,server=y,suspend=n,address=127.0.0.1:56276
Begin MonoManager ReloadAssembly
Registering precompiled unity dll's ...
Register platform support module: D:/Unity/2020.2.2f1/Editor/Data/PlaybackEngines/WebGLSupport/UnityEditor.WebGL.Extensions.dll
Register platform support module: D:/Unity/2020.2.2f1/Editor/Data/PlaybackEngines/WindowsStandaloneSupport/UnityEditor.WindowsStandalone.Extensions.dll
Registered in 0.002265 seconds.
Native extension for WindowsStandalone target not found
Native extension for WebGL target not found
Refreshing native plugins compatible for Editor in 56.89 ms, found 0 plugins.
Preloading 0 native plugins for Editor in 0.00 ms.
Invoked RoslynAnalysisRunner static constructor.
RoslynAnalysisRunner will not be running.
RoslynAnalysisRunner has terminated.
Mono: successfully reloaded assembly
- Completed reload, in  3.246 seconds
Platform modules already initialized, skipping
Registering precompiled user dll's ...
Registered in 0.001609 seconds.
Begin MonoManager ReloadAssembly
Native extension for WindowsStandalone target not found
Native extension for WebGL target not found
Refreshing native plugins compatible for Editor in 0.91 ms, found 0 plugins.
Preloading 0 native plugins for Editor in 0.00 ms.
Invoked RoslynAnalysisRunner static constructor.
RoslynAnalysisRunner will not be running.
RoslynAnalysisRunner has terminated.
Mono: successfully reloaded assembly
- Completed reload, in  1.348 seconds
Platform modules already initialized, skipping
========================================================================
Worker process is ready to serve import requests
Launched and connected shader compiler UnityShaderCompiler.exe after 0.33 seconds
Refreshing native plugins compatible for Editor in 0.66 ms, found 0 plugins.
Preloading 0 native plugins for Editor in 0.00 ms.
Unloading 1823 Unused Serialized files (Serialized files now loaded: 0)
System memory in use before: 100.1 MB.
System memory in use after: 100.2 MB.

Unloading 120 unused Assets to reduce memory usage. Loaded Objects now: 2278.
Total: 3.854000 ms (FindLiveObjects: 0.480900 ms CreateObjectMapping: 0.235400 ms MarkObjects: 2.838200 ms  DeleteObjects: 0.298400 ms)

========================================================================
Received Import Request.
  path: Assets/Dungeon Floor Traps/Prefabs/Mobile/Dungeon_Floor_Trap_Round.prefab
  artifactKey: Guid(84b6dcc9019b86143812a6901fecd619) Importer(815301076,1909f56bfc062723c751e8b465ee728b)
Start importing Assets/Dungeon Floor Traps/Prefabs/Mobile/Dungeon_Floor_Trap_Round.prefab using Guid(84b6dcc9019b86143812a6901fecd619) Importer(815301076,1909f56bfc062723c751e8b465ee728b)  -> (artifact id: '89094cfdb3fb734d2b7b7ae38a00196c') in 0.541625 seconds
  Import took 0.596491 seconds .

========================================================================
Received Import Request.
  Time since last request: 0.000426 seconds.
  path: Assets/Dungeon Floor Traps/Prefabs/Mobile/Dungeon_Floor_Trap_Grid.prefab
  artifactKey: Guid(dee7a332df32c9a4f99531ce6d5c277c) Importer(815301076,1909f56bfc062723c751e8b465ee728b)
Start importing Assets/Dungeon Floor Traps/Prefabs/Mobile/Dungeon_Floor_Trap_Grid.prefab using Guid(dee7a332df32c9a4f99531ce6d5c277c) Importer(815301076,1909f56bfc062723c751e8b465ee728b)  -> (artifact id: '0ec780bd428bce4ceec637f5d5891b01') in 0.095069 seconds
  Import took 0.204527 seconds .

========================================================================
Received Import Request.
  Time since last request: 102.661724 seconds.
  path: Assets/Dungeon Floor Traps/Prefabs/Mobile/Dungeon_Floor_Trap_Star.prefab
  artifactKey: Guid(b3f53efc1247d5144b4437b91e1b37ab) Importer(815301076,1909f56bfc062723c751e8b465ee728b)
Start importing Assets/Dungeon Floor Traps/Prefabs/Mobile/Dungeon_Floor_Trap_Star.prefab using Guid(b3f53efc1247d5144b4437b91e1b37ab) Importer(815301076,1909f56bfc062723c751e8b465ee728b)  -> (artifact id: 'afcda0d9a4f172077dde060518d45b64') in 0.084458 seconds
  Import took 0.121840 seconds .

========================================================================
Received Import Request.
  Time since last request: 32.417676 seconds.
  path: Assets/Dungeon Floor Traps/Prefabs/Mobile/Dungeon_Floor_Trap_Round.prefab
  artifactKey: Guid(84b6dcc9019b86143812a6901fecd619) Importer(815301076,1909f56bfc062723c751e8b465ee728b)
Start importing Assets/Dungeon Floor Traps/Prefabs/Mobile/Dungeon_Floor_Trap_Round.prefab using Guid(84b6dcc9019b86143812a6901fecd619) Importer(815301076,1909f56bfc062723c751e8b465ee728b)  -> (artifact id: 'ba6f39ea016f22bed72522f82a7189e2') in 0.052197 seconds
  Import took 0.118712 seconds .

========================================================================
Received Prepare
Registering precompiled user dll's ...
Registered in 0.003675 seconds.
Begin MonoManager ReloadAssembly
Native extension for WindowsStandalone target not found
Native extension for WebGL target not found
Refreshing native plugins compatible for Editor in 0.62 ms, found 0 plugins.
Preloading 0 native plugins for Editor in 0.00 ms.
Warning: Annotation not found!

Invoked RoslynAnalysisRunner static constructor.
RoslynAnalysisRunner will not be running.
RoslynAnalysisRunner has terminated.
Mono: successfully reloaded assembly
- Completed reload, in  1.945 seconds
Platform modules already initialized, skipping
Refreshing native plugins compatible for Editor in 1.45 ms, found 0 plugins.
Preloading 0 native plugins for Editor in 0.00 ms.
Unloading 1775 Unused Serialized files (Serialized files now loaded: 0)
System memory in use before: 100.7 MB.
System memory in use after: 100.9 MB.

Unloading 18 unused Assets to reduce memory usage. Loaded Objects now: 2289.
Total: 7.729800 ms (FindLiveObjects: 0.369200 ms CreateObjectMapping: 0.139400 ms MarkObjects: 7.183800 ms  DeleteObjects: 0.033900 ms)

========================================================================
Received Prepare
Registering precompiled user dll's ...
Registered in 0.005490 seconds.
Begin MonoManager ReloadAssembly
Native extension for WindowsStandalone target not found
Native extension for WebGL target not found
Refreshing native plugins compatible for Editor in 0.66 ms, found 0 plugins.
Preloading 0 native plugins for Editor in 0.00 ms.
Warning: Annotation not found!

Invoked RoslynAnalysisRunner static constructor.
RoslynAnalysisRunner will not be running.
RoslynAnalysisRunner has terminated.
Mono: successfully reloaded assembly
- Completed reload, in  1.674 seconds
Platform modules already initialized, skipping
Refreshing native plugins compatible for Editor in 0.99 ms, found 0 plugins.
Preloading 0 native plugins for Editor in 0.00 ms.
Unloading 1774 Unused Serialized files (Serialized files now loaded: 0)
System memory in use before: 100.7 MB.
System memory in use after: 100.8 MB.

Unloading 18 unused Assets to reduce memory usage. Loaded Objects now: 2291.
Total: 5.101800 ms (FindLiveObjects: 0.377300 ms CreateObjectMapping: 0.165800 ms MarkObjects: 4.527300 ms  DeleteObjects: 0.028700 ms)

========================================================================
Received Prepare
Registering precompiled user dll's ...
Registered in 0.002117 seconds.
Begin MonoManager ReloadAssembly
Native extension for WindowsStandalone target not found
Native extension for WebGL target not found
Refreshing native plugins compatible for Editor in 1.09 ms, found 0 plugins.
Preloading 0 native plugins for Editor in 0.00 ms.
Warning: Annotation not found!

Invoked RoslynAnalysisRunner static constructor.
RoslynAnalysisRunner will not be running.
RoslynAnalysisRunner has terminated.
Mono: successfully reloaded assembly
- Completed reload, in  1.809 seconds
Platform modules already initialized, skipping
Refreshing native plugins compatible for Editor in 0.72 ms, found 0 plugins.
Preloading 0 native plugins for Editor in 0.00 ms.
Unloading 1774 Unused Serialized files (Serialized files now loaded: 0)
System memory in use before: 100.8 MB.
System memory in use after: 100.9 MB.

Unloading 18 unused Assets to reduce memory usage. Loaded Objects now: 2293.
Total: 7.130100 ms (FindLiveObjects: 0.379100 ms CreateObjectMapping: 0.147000 ms MarkObjects: 6.560900 ms  DeleteObjects: 0.039900 ms)

========================================================================
Received Prepare
Registering precompiled user dll's ...
Registered in 0.002242 seconds.
Begin MonoManager ReloadAssembly
Native extension for WindowsStandalone target not found
Native extension for WebGL target not found
Refreshing native plugins compatible for Editor in 3.58 ms, found 0 plugins.
Preloading 0 native plugins for Editor in 0.00 ms.
Warning: Annotation not found!

Invoked RoslynAnalysisRunner static constructor.
RoslynAnalysisRunner will not be running.
RoslynAnalysisRunner has terminated.
Mono: successfully reloaded assembly
- Completed reload, in  3.744 seconds
Platform modules already initialized, skipping
Refreshing native plugins compatible for Editor in 0.76 ms, found 0 plugins.
Preloading 0 native plugins for Editor in 0.00 ms.
Unloading 1774 Unused Serialized files (Serialized files now loaded: 0)
System memory in use before: 100.8 MB.
System memory in use after: 100.9 MB.

Unloading 18 unused Assets to reduce memory usage. Loaded Objects now: 2295.
Total: 4.159500 ms (FindLiveObjects: 0.339400 ms CreateObjectMapping: 0.122800 ms MarkObjects: 3.629500 ms  DeleteObjects: 0.064600 ms)

========================================================================
Received Import Request.
  Time since last request: 1587.720191 seconds.
  path: Assets/Low-Poly Weapons/Prefabs/Grenade_Smoke.prefab
  artifactKey: Guid(cc45d25784d134031be721e31c3c239f) Importer(815301076,1909f56bfc062723c751e8b465ee728b)
Start importing Assets/Low-Poly Weapons/Prefabs/Grenade_Smoke.prefab using Guid(cc45d25784d134031be721e31c3c239f) Importer(815301076,1909f56bfc062723c751e8b465ee728b)  -> (artifact id: 'b87d53ab1148a461f4e5e082d87ceda1') in 0.461999 seconds
  Import took 0.736180 seconds .

========================================================================
Received Import Request.
  Time since last request: 0.132788 seconds.
  path: Assets/Low-Poly Weapons/Prefabs/Grenade_Smoke.prefab
  artifactKey: Guid(cc45d25784d134031be721e31c3c239f) Importer(815301076,1909f56bfc062723c751e8b465ee728b)
Start importing Assets/Low-Poly Weapons/Prefabs/Grenade_Smoke.prefab using Guid(cc45d25784d134031be721e31c3c239f) Importer(815301076,1909f56bfc062723c751e8b465ee728b)  -> (artifact id: 'b87d53ab1148a461f4e5e082d87ceda1') in 0.027706 seconds
  Import took 0.065578 seconds .

========================================================================
Received Import Request.
  Time since last request: 23.753839 seconds.
  path: Assets/UndeadAsset/Prefabs/Character/SkeletonWarrior_II.prefab
  artifactKey: Guid(0d79204046abd4c49b61c1bd053f8c61) Importer(815301076,1909f56bfc062723c751e8b465ee728b)
Start importing Assets/UndeadAsset/Prefabs/Character/SkeletonWarrior_II.prefab using Guid(0d79204046abd4c49b61c1bd053f8c61) Importer(815301076,1909f56bfc062723c751e8b465ee728b)  -> (artifact id: 'a1934342ed35bf3074dc76a4d061ed74') in 0.352087 seconds
  Import took 0.444505 seconds .

========================================================================
Received Import Request.
  Time since last request: 184.713838 seconds.
  path: Assets/Low-Poly Weapons/Prefabs/Grenade_Sulfur.prefab
  artifactKey: Guid(41ddecd19696e4b7abfe4584fa7efe68) Importer(815301076,1909f56bfc062723c751e8b465ee728b)
Start importing Assets/Low-Poly Weapons/Prefabs/Grenade_Sulfur.prefab using Guid(41ddecd19696e4b7abfe4584fa7efe68) Importer(815301076,1909f56bfc062723c751e8b465ee728b)  -> (artifact id: '000ec0f9232f63b05662c3101addb6ad') in 0.036179 seconds
  Import took 0.073655 seconds .

========================================================================
Received Import Request.
  Time since last request: 2.472714 seconds.
  path: Assets/Low-Poly Weapons/Prefabs/Potion_Mana.prefab
  artifactKey: Guid(4fc855fb7bf094a0891967175e5bdb17) Importer(815301076,1909f56bfc062723c751e8b465ee728b)
Start importing Assets/Low-Poly Weapons/Prefabs/Potion_Mana.prefab using Guid(4fc855fb7bf094a0891967175e5bdb17) Importer(815301076,1909f56bfc062723c751e8b465ee728b)  -> (artifact id: '28b8242246e3641b767cdc220971762b') in 0.055286 seconds
  Import took 0.096115 seconds .

========================================================================
Received Import Request.
  Time since last request: 0.797504 seconds.
  path: Assets/Low-Poly Weapons/Prefabs/Potion_Stamina.prefab
  artifactKey: Guid(f244d85ca954f4336a1a7595053efbfc) Importer(815301076,1909f56bfc062723c751e8b465ee728b)
Start importing Assets/Low-Poly Weapons/Prefabs/Potion_Stamina.prefab using Guid(f244d85ca954f4336a1a7595053efbfc) Importer(815301076,1909f56bfc062723c751e8b465ee728b)  -> (artifact id: '21138dba2c8cc6840f311850ae884c95') in 0.029152 seconds
  Import took 0.059999 seconds .

========================================================================
Received Import Request.
  Time since last request: 1.844064 seconds.
  path: Assets/Low-Poly Weapons/Prefabs/Shield.prefab
  artifactKey: Guid(b4ea2f3e0e40943219a8997915f71646) Importer(815301076,1909f56bfc062723c751e8b465ee728b)
Start importing Assets/Low-Poly Weapons/Prefabs/Shield.prefab using Guid(b4ea2f3e0e40943219a8997915f71646) Importer(815301076,1909f56bfc062723c751e8b465ee728b)  -> (artifact id: '8ff611c1c2bfeb4b7ca185befdd778d1') in 0.088859 seconds
  Import took 0.136853 seconds .

========================================================================
Received Import Request.
  Time since last request: 0.639212 seconds.
  path: Assets/Low-Poly Weapons/Prefabs/Sword.prefab
  artifactKey: Guid(ef692f86dcc854a7aba0ac610620cb15) Importer(815301076,1909f56bfc062723c751e8b465ee728b)
Start importing Assets/Low-Poly Weapons/Prefabs/Sword.prefab using Guid(ef692f86dcc854a7aba0ac610620cb15) Importer(815301076,1909f56bfc062723c751e8b465ee728b)  -> (artifact id: 'acb175bff81e6ed35ef377df3067294b') in 0.076273 seconds
  Import took 0.122741 seconds .

========================================================================
Received Prepare
Registering precompiled user dll's ...
Registered in 0.009213 seconds.
Begin MonoManager ReloadAssembly
Native extension for WindowsStandalone target not found
Native extension for WebGL target not found
Refreshing native plugins compatible for Editor in 1.59 ms, found 0 plugins.
Preloading 0 native plugins for Editor in 0.00 ms.
Warning: Annotation not found!

Invoked RoslynAnalysisRunner static constructor.
RoslynAnalysisRunner will not be running.
RoslynAnalysisRunner has terminated.
Mono: successfully reloaded assembly
- Completed reload, in  2.638 seconds
Platform modules already initialized, skipping
Refreshing native plugins compatible for Editor in 1.20 ms, found 0 plugins.
Preloading 0 native plugins for Editor in 0.00 ms.
Unloading 1774 Unused Serialized files (Serialized files now loaded: 0)
System memory in use before: 111.8 MB.
System memory in use after: 111.9 MB.

Unloading 18 unused Assets to reduce memory usage. Loaded Objects now: 2299.
Total: 8.970200 ms (FindLiveObjects: 0.349200 ms CreateObjectMapping: 0.213900 ms MarkObjects: 8.376500 ms  DeleteObjects: 0.028700 ms)

========================================================================
Received Prepare
Registering precompiled user dll's ...
Registered in 0.002778 seconds.
Begin MonoManager ReloadAssembly
Native extension for WindowsStandalone target not found
Native extension for WebGL target not found
Refreshing native plugins compatible for Editor in 0.75 ms, found 0 plugins.
Preloading 0 native plugins for Editor in 0.00 ms.
Warning: Annotation not found!

Invoked RoslynAnalysisRunner static constructor.
RoslynAnalysisRunner will not be running.
RoslynAnalysisRunner has terminated.
Mono: successfully reloaded assembly
- Completed reload, in  1.430 seconds
Platform modules already initialized, skipping
Refreshing native plugins compatible for Editor in 1.02 ms, found 0 plugins.
Preloading 0 native plugins for Editor in 0.00 ms.
Unloading 1774 Unused Serialized files (Serialized files now loaded: 0)
System memory in use before: 111.8 MB.
System memory in use after: 111.9 MB.

Unloading 18 unused Assets to reduce memory usage. Loaded Objects now: 2301.
Total: 3.249000 ms (FindLiveObjects: 0.268700 ms CreateObjectMapping: 0.110200 ms MarkObjects: 2.841200 ms  DeleteObjects: 0.027500 ms)

========================================================================
Received Import Request.
  Time since last request: 451.579460 seconds.
  path: Assets/UndeadAsset/Prefabs/Character/SkeletonWarrior_II.prefab
  artifactKey: Guid(0d79204046abd4c49b61c1bd053f8c61) Importer(815301076,1909f56bfc062723c751e8b465ee728b)
Start importing Assets/UndeadAsset/Prefabs/Character/SkeletonWarrior_II.prefab using Guid(0d79204046abd4c49b61c1bd053f8c61) Importer(815301076,1909f56bfc062723c751e8b465ee728b)  -> (artifact id: '88c8b751a157ea5608621645867eb828') in 0.142656 seconds
  Import took 0.152073 seconds .

========================================================================
Received Import Request.
  Time since last request: 0.003214 seconds.
  path: Assets/UndeadAsset/Prefabs/Character/SkeletonWarrior_II.prefab
  artifactKey: Guid(0d79204046abd4c49b61c1bd053f8c61) Importer(815301076,1909f56bfc062723c751e8b465ee728b)
Start importing Assets/UndeadAsset/Prefabs/Character/SkeletonWarrior_II.prefab using Guid(0d79204046abd4c49b61c1bd053f8c61) Importer(815301076,1909f56bfc062723c751e8b465ee728b)  -> (artifact id: '88c8b751a157ea5608621645867eb828') in 0.049813 seconds
  Import took 0.061746 seconds .

========================================================================
Received Prepare
Registering precompiled user dll's ...
Registered in 0.002437 seconds.
Begin MonoManager ReloadAssembly
Native extension for WindowsStandalone target not found
Native extension for WebGL target not found
Refreshing native plugins compatible for Editor in 1.53 ms, found 0 plugins.
Preloading 0 native plugins for Editor in 0.00 ms.
Warning: Annotation not found!

Invoked RoslynAnalysisRunner static constructor.
RoslynAnalysisRunner will not be running.
RoslynAnalysisRunner has terminated.
Mono: successfully reloaded assembly
- Completed reload, in  3.232 seconds
Platform modules already initialized, skipping
Refreshing native plugins compatible for Editor in 0.70 ms, found 0 plugins.
Preloading 0 native plugins for Editor in 0.00 ms.
Unloading 1774 Unused Serialized files (Serialized files now loaded: 0)
System memory in use before: 111.8 MB.
System memory in use after: 111.9 MB.

Unloading 18 unused Assets to reduce memory usage. Loaded Objects now: 2304.
Total: 2.694400 ms (FindLiveObjects: 0.270800 ms CreateObjectMapping: 0.078300 ms MarkObjects: 2.290600 ms  DeleteObjects: 0.053100 ms)

AssetImportWorkerClient::OnTransportError - code=2 error=End of file
